Source-Code/android/app/build/intermediates/manifest_merge_blame_file/debug/manifest-merger-blame-debug-report.txt
1<?xml version="1.0" encoding="utf-8"?>
2<manifest xmlns:android="http://schemas.android.com/apk/res/android"
3    package="com.chitchatapp"
4    android:versionCode="1"
5    android:versionName="1.0" >
6
7    <uses-sdk
8        android:minSdkVersion="21"
9        android:targetSdkVersion="31" />
10
11    <uses-permission android:name="android.permission.SYSTEM_ALERT_WINDOW" />
11-->src/debug/AndroidManifest.xml:5:5-77
11-->src/debug/AndroidManifest.xml:5:22-75
12    <uses-permission android:name="android.permission.INTERNET" />
12-->src/main/AndroidManifest.xml:4:5-67
12-->src/main/AndroidManifest.xml:4:22-64
13    <uses-permission android:name="android.permission.ANSWER_PHONE_CALLS" />
13-->src/main/AndroidManifest.xml:5:5-77
13-->src/main/AndroidManifest.xml:5:22-74
14    <uses-permission android:name="android.permission.CALL_PHONE" />
14-->src/main/AndroidManifest.xml:6:5-69
14-->src/main/AndroidManifest.xml:6:22-66
15    <uses-permission android:name="android.permission.CAMERA" />
15-->src/main/AndroidManifest.xml:7:5-65
15-->src/main/AndroidManifest.xml:7:22-62
16    <uses-permission android:name="android.permission.POST_NOTIFICATIONS" />
16-->src/main/AndroidManifest.xml:8:5-77
16-->src/main/AndroidManifest.xml:8:22-74
17    <uses-permission android:name="android.permission.PROCESS_OUTGOING_CALLS" />
17-->src/main/AndroidManifest.xml:9:5-81
17-->src/main/AndroidManifest.xml:9:22-78
18    <uses-permission android:name="android.permission.READ_CONTACTS" />
18-->src/main/AndroidManifest.xml:10:5-72
18-->src/main/AndroidManifest.xml:10:22-69
19    <uses-permission android:name="android.permission.READ_MEDIA_IMAGES" />
19-->src/main/AndroidManifest.xml:11:5-76
19-->src/main/AndroidManifest.xml:11:22-73
20    <uses-permission android:name="android.permission.ACCESS_WIFI_STATE" />
20-->[com.facebook.flipper:flipper:0.125.0] AndroidManifest.xml:16:5-76
20-->[com.facebook.flipper:flipper:0.125.0] AndroidManifest.xml:16:22-73
21    <uses-permission android:name="android.permission.WAKE_LOCK" />
21-->[:react-native-firebase_auth] AndroidManifest.xml:10:5-68
21-->[:react-native-firebase_auth] AndroidManifest.xml:10:22-65
22    <uses-permission android:name="android.permission.ACCESS_NETWORK_STATE" />
22-->[:react-native-firebase_auth] AndroidManifest.xml:11:5-79
22-->[:react-native-firebase_auth] AndroidManifest.xml:11:22-76
23    <uses-permission android:name="android.permission.RECEIVE_BOOT_COMPLETED" />
23-->[androidx.work:work-runtime:2.7.1] AndroidManifest.xml:27:5-81
23-->[androidx.work:work-runtime:2.7.1] AndroidManifest.xml:27:22-78
24    <uses-permission android:name="android.permission.FOREGROUND_SERVICE" /> <!-- Required by older versions of Google Play services to create IID tokens -->
24-->[androidx.work:work-runtime:2.7.1] AndroidManifest.xml:28:5-77
24-->[androidx.work:work-runtime:2.7.1] AndroidManifest.xml:28:22-74
25    <uses-permission android:name="com.google.android.c2dm.permission.RECEIVE" />
25-->[com.google.firebase:firebase-messaging:23.1.1] AndroidManifest.xml:28:5-82
25-->[com.google.firebase:firebase-messaging:23.1.1] AndroidManifest.xml:28:22-79
26    <uses-permission android:name="android.permission.VIBRATE" />
26-->[app.notifee:core:202108261754] AndroidManifest.xml:13:5-66
26-->[app.notifee:core:202108261754] AndroidManifest.xml:13:22-63
27    <uses-permission android:name="android.permission.USE_FULL_SCREEN_INTENT" />
27-->[app.notifee:core:202108261754] AndroidManifest.xml:16:5-81
27-->[app.notifee:core:202108261754] AndroidManifest.xml:16:22-78
28    <uses-permission android:name="android.permission.SCHEDULE_EXACT_ALARM" />
28-->[app.notifee:core:202108261754] AndroidManifest.xml:17:5-79
28-->[app.notifee:core:202108261754] AndroidManifest.xml:17:22-76
29    <uses-permission
29-->[app.notifee:core:202108261754] AndroidManifest.xml:18:5-20:38
30        android:name="android.permission.BROADCAST_CLOSE_SYSTEM_DIALOGS"
30-->[app.notifee:core:202108261754] AndroidManifest.xml:19:9-73
31        android:maxSdkVersion="30" /> <!-- For Xiaomi devices to enable heads-up notifications as default (https://github.com/invertase/notifee/issues/296) -->
31-->[app.notifee:core:202108261754] AndroidManifest.xml:20:9-35
32    <uses-permission
32-->[app.notifee:core:202108261754] AndroidManifest.xml:22:5-24:38
33        android:name="android.permission.ACCESS_NOTIFICATION_POLICY"
33-->[app.notifee:core:202108261754] AndroidManifest.xml:23:9-69
34        android:minSdkVersion="23" /> <!-- for android -->
34-->[app.notifee:core:202108261754] AndroidManifest.xml:24:9-35
35    <!-- <uses-permission android:name="com.android.launcher.permission.READ_SETTINGS"/> -->
36    <!-- <uses-permission android:name="com.android.launcher.permission.WRITE_SETTINGS"/> -->
37    <!-- <uses-permission android:name="com.android.launcher.permission.INSTALL_SHORTCUT" /> -->
38    <!-- <uses-permission android:name="com.android.launcher.permission.UNINSTALL_SHORTCUT" /> -->
39    <!-- for Samsung -->
40    <uses-permission android:name="com.sec.android.provider.badge.permission.READ" />
40-->[me.leolin:ShortcutBadger:1.1.22] AndroidManifest.xml:19:5-86
40-->[me.leolin:ShortcutBadger:1.1.22] AndroidManifest.xml:19:22-83
41    <uses-permission android:name="com.sec.android.provider.badge.permission.WRITE" /> <!-- for htc -->
41-->[me.leolin:ShortcutBadger:1.1.22] AndroidManifest.xml:20:5-87
41-->[me.leolin:ShortcutBadger:1.1.22] AndroidManifest.xml:20:22-84
42    <uses-permission android:name="com.htc.launcher.permission.READ_SETTINGS" />
42-->[me.leolin:ShortcutBadger:1.1.22] AndroidManifest.xml:23:5-81
42-->[me.leolin:ShortcutBadger:1.1.22] AndroidManifest.xml:23:22-78
43    <uses-permission android:name="com.htc.launcher.permission.UPDATE_SHORTCUT" /> <!-- for sony -->
43-->[me.leolin:ShortcutBadger:1.1.22] AndroidManifest.xml:24:5-83
43-->[me.leolin:ShortcutBadger:1.1.22] AndroidManifest.xml:24:22-80
44    <uses-permission android:name="com.sonyericsson.home.permission.BROADCAST_BADGE" />
44-->[me.leolin:ShortcutBadger:1.1.22] AndroidManifest.xml:27:5-88
44-->[me.leolin:ShortcutBadger:1.1.22] AndroidManifest.xml:27:22-85
45    <uses-permission android:name="com.sonymobile.home.permission.PROVIDER_INSERT_BADGE" /> <!-- for apex -->
45-->[me.leolin:ShortcutBadger:1.1.22] AndroidManifest.xml:28:5-92
45-->[me.leolin:ShortcutBadger:1.1.22] AndroidManifest.xml:28:22-89
46    <uses-permission android:name="com.anddoes.launcher.permission.UPDATE_COUNT" /> <!-- for solid -->
46-->[me.leolin:ShortcutBadger:1.1.22] AndroidManifest.xml:31:5-84
46-->[me.leolin:ShortcutBadger:1.1.22] AndroidManifest.xml:31:22-81
47    <uses-permission android:name="com.majeur.launcher.permission.UPDATE_BADGE" /> <!-- for huawei -->
47-->[me.leolin:ShortcutBadger:1.1.22] AndroidManifest.xml:34:5-83
47-->[me.leolin:ShortcutBadger:1.1.22] AndroidManifest.xml:34:22-80
48    <uses-permission android:name="com.huawei.android.launcher.permission.CHANGE_BADGE" />
48-->[me.leolin:ShortcutBadger:1.1.22] AndroidManifest.xml:37:5-91
48-->[me.leolin:ShortcutBadger:1.1.22] AndroidManifest.xml:37:22-88
49    <uses-permission android:name="com.huawei.android.launcher.permission.READ_SETTINGS" />
49-->[me.leolin:ShortcutBadger:1.1.22] AndroidManifest.xml:38:5-92
49-->[me.leolin:ShortcutBadger:1.1.22] AndroidManifest.xml:38:22-89
50    <uses-permission android:name="com.huawei.android.launcher.permission.WRITE_SETTINGS" /> <!-- for ZUK -->
50-->[me.leolin:ShortcutBadger:1.1.22] AndroidManifest.xml:39:5-93
50-->[me.leolin:ShortcutBadger:1.1.22] AndroidManifest.xml:39:22-90
51    <uses-permission android:name="android.permission.READ_APP_BADGE" /> <!-- for OPPO -->
51-->[me.leolin:ShortcutBadger:1.1.22] AndroidManifest.xml:42:5-73
51-->[me.leolin:ShortcutBadger:1.1.22] AndroidManifest.xml:42:22-70
52    <uses-permission android:name="com.oppo.launcher.permission.READ_SETTINGS" />
52-->[me.leolin:ShortcutBadger:1.1.22] AndroidManifest.xml:45:5-82
52-->[me.leolin:ShortcutBadger:1.1.22] AndroidManifest.xml:45:22-79
53    <uses-permission android:name="com.oppo.launcher.permission.WRITE_SETTINGS" /> <!-- for EvMe -->
53-->[me.leolin:ShortcutBadger:1.1.22] AndroidManifest.xml:46:5-83
53-->[me.leolin:ShortcutBadger:1.1.22] AndroidManifest.xml:46:22-80
54    <uses-permission android:name="me.everything.badger.permission.BADGE_COUNT_READ" />
54-->[me.leolin:ShortcutBadger:1.1.22] AndroidManifest.xml:49:5-88
54-->[me.leolin:ShortcutBadger:1.1.22] AndroidManifest.xml:49:22-85
55    <uses-permission android:name="me.everything.badger.permission.BADGE_COUNT_WRITE" />
55-->[me.leolin:ShortcutBadger:1.1.22] AndroidManifest.xml:50:5-89
55-->[me.leolin:ShortcutBadger:1.1.22] AndroidManifest.xml:50:22-86
56
57    <application
57-->src/main/AndroidManifest.xml:13:5-32:19
58        android:name="com.chitchatapp.MainApplication"
58-->src/main/AndroidManifest.xml:14:7-38
59        android:allowBackup="false"
59-->src/main/AndroidManifest.xml:18:7-34
60        android:appComponentFactory="androidx.core.app.CoreComponentFactory"
60-->[androidx.core:core:1.7.0] AndroidManifest.xml:24:18-86
61        android:debuggable="true"
62        android:icon="@mipmap/ic_launcher"
62-->src/main/AndroidManifest.xml:16:7-41
63        android:label="@string/app_name"
63-->src/main/AndroidManifest.xml:15:7-39
64        android:roundIcon="@mipmap/ic_launcher_round"
64-->src/main/AndroidManifest.xml:17:7-52
65        android:theme="@style/AppTheme"
65-->src/main/AndroidManifest.xml:19:7-38
66        android:usesCleartextTraffic="true" >
66-->src/debug/AndroidManifest.xml:8:9-44
67        <activity
67-->src/debug/AndroidManifest.xml:11:9-111
68            android:name="com.facebook.react.devsupport.DevSettingsActivity"
68-->src/debug/AndroidManifest.xml:11:19-83
69            android:exported="false" />
69-->src/debug/AndroidManifest.xml:11:84-108
70        <activity
70-->src/main/AndroidManifest.xml:20:7-31:18
71            android:name="com.chitchatapp.MainActivity"
71-->src/main/AndroidManifest.xml:21:9-37
72            android:configChanges="keyboard|keyboardHidden|orientation|screenLayout|screenSize|smallestScreenSize|uiMode"
72-->src/main/AndroidManifest.xml:23:9-118
73            android:exported="true"
73-->src/main/AndroidManifest.xml:26:9-32
74            android:label="@string/app_name"
74-->src/main/AndroidManifest.xml:22:9-41
75            android:launchMode="singleTask"
75-->src/main/AndroidManifest.xml:24:9-40
76            android:windowSoftInputMode="adjustResize" >
76-->src/main/AndroidManifest.xml:25:9-51
77            <intent-filter>
77-->src/main/AndroidManifest.xml:27:9-30:25
78                <action android:name="android.intent.action.MAIN" />
78-->src/main/AndroidManifest.xml:28:13-65
78-->src/main/AndroidManifest.xml:28:21-62
79
80                <category android:name="android.intent.category.LAUNCHER" />
80-->src/main/AndroidManifest.xml:29:13-73
80-->src/main/AndroidManifest.xml:29:23-70
81            </intent-filter>
82        </activity>
83
84        <provider
84-->[:notifee_react-native] AndroidManifest.xml:10:9-14:40
85            android:name="io.invertase.notifee.NotifeeInitProvider"
85-->[:notifee_react-native] AndroidManifest.xml:11:13-68
86            android:authorities="com.chitchatapp.notifee-init-provider"
86-->[:notifee_react-native] AndroidManifest.xml:12:13-73
87            android:exported="false"
87-->[:notifee_react-native] AndroidManifest.xml:13:13-37
88            android:initOrder="-100" />
88-->[:notifee_react-native] AndroidManifest.xml:14:13-37
89
90        <service
90-->[:react-native-firebase_messaging] AndroidManifest.xml:14:9-16:40
91            android:name="io.invertase.firebase.messaging.ReactNativeFirebaseMessagingHeadlessService"
91-->[:react-native-firebase_messaging] AndroidManifest.xml:15:13-103
92            android:exported="false" />
92-->[:react-native-firebase_messaging] AndroidManifest.xml:16:13-37
93        <service
93-->[:react-native-firebase_messaging] AndroidManifest.xml:17:9-23:19
94            android:name="io.invertase.firebase.messaging.ReactNativeFirebaseMessagingService"
94-->[:react-native-firebase_messaging] AndroidManifest.xml:18:13-95
95            android:exported="false" >
95-->[:react-native-firebase_messaging] AndroidManifest.xml:19:13-37
96            <intent-filter>
96-->[:react-native-firebase_messaging] AndroidManifest.xml:20:13-22:29
97                <action android:name="com.google.firebase.MESSAGING_EVENT" />
97-->[:react-native-firebase_messaging] AndroidManifest.xml:21:17-78
97-->[:react-native-firebase_messaging] AndroidManifest.xml:21:25-75
98            </intent-filter>
99        </service>
100
101        <receiver
101-->[:react-native-firebase_messaging] AndroidManifest.xml:25:9-32:20
102            android:name="io.invertase.firebase.messaging.ReactNativeFirebaseMessagingReceiver"
102-->[:react-native-firebase_messaging] AndroidManifest.xml:26:13-96
103            android:exported="true"
103-->[:react-native-firebase_messaging] AndroidManifest.xml:27:13-36
104            android:permission="com.google.android.c2dm.permission.SEND" >
104-->[:react-native-firebase_messaging] AndroidManifest.xml:28:13-73
105            <intent-filter>
105-->[:react-native-firebase_messaging] AndroidManifest.xml:29:13-31:29
106                <action android:name="com.google.android.c2dm.intent.RECEIVE" />
106-->[:react-native-firebase_messaging] AndroidManifest.xml:30:17-81
106-->[:react-native-firebase_messaging] AndroidManifest.xml:30:25-78
107            </intent-filter>
108        </receiver>
109
110        <meta-data
110-->[:react-native-firebase_messaging] AndroidManifest.xml:34:9-36:36
111            android:name="firebase_messaging_auto_init_enabled"
111-->[:react-native-firebase_messaging] AndroidManifest.xml:35:13-64
112            android:value="true" />
112-->[:react-native-firebase_messaging] AndroidManifest.xml:36:13-33
113        <meta-data
113-->[:react-native-firebase_messaging] AndroidManifest.xml:37:9-39:32
114            android:name="com.google.firebase.messaging.default_notification_channel_id"
114-->[:react-native-firebase_messaging] AndroidManifest.xml:38:13-89
115            android:value="" />
115-->[:react-native-firebase_messaging] AndroidManifest.xml:39:13-29
116        <meta-data
116-->[:react-native-firebase_messaging] AndroidManifest.xml:40:9-42:47
117            android:name="com.google.firebase.messaging.default_notification_color"
117-->[:react-native-firebase_messaging] AndroidManifest.xml:41:13-84
118            android:resource="@color/white" />
118-->[:react-native-firebase_messaging] AndroidManifest.xml:42:13-44
119        <meta-data
119-->[:react-native-firebase_app] AndroidManifest.xml:11:9-13:36
120            android:name="app_data_collection_default_enabled"
120-->[:react-native-firebase_app] AndroidManifest.xml:12:13-63
121            android:value="true" />
121-->[:react-native-firebase_app] AndroidManifest.xml:13:13-33
122
123        <service
123-->[:react-native-firebase_app] AndroidManifest.xml:15:9-23:19
124            android:name="com.google.firebase.components.ComponentDiscoveryService"
124-->[:react-native-firebase_app] AndroidManifest.xml:16:13-84
125            android:directBootAware="true"
125-->[:react-native-firebase_app] AndroidManifest.xml:17:13-43
126            android:exported="false" >
126-->[:react-native-firebase_app] AndroidManifest.xml:18:13-37
127            <meta-data
127-->[:react-native-firebase_app] AndroidManifest.xml:20:13-22:85
128                android:name="com.google.firebase.components:io.invertase.firebase.app.ReactNativeFirebaseAppRegistrar"
128-->[:react-native-firebase_app] AndroidManifest.xml:21:17-120
129                android:value="com.google.firebase.components.ComponentRegistrar" />
129-->[:react-native-firebase_app] AndroidManifest.xml:22:17-82
130            <meta-data
130-->[com.google.firebase:firebase-firestore:24.4.1] AndroidManifest.xml:19:13-21:85
131                android:name="com.google.firebase.components:com.google.firebase.firestore.FirestoreRegistrar"
131-->[com.google.firebase:firebase-firestore:24.4.1] AndroidManifest.xml:20:17-111
132                android:value="com.google.firebase.components.ComponentRegistrar" />
132-->[com.google.firebase:firebase-firestore:24.4.1] AndroidManifest.xml:21:17-82
133            <meta-data
133-->[com.google.firebase:firebase-messaging:23.1.1] AndroidManifest.xml:55:13-57:85
134                android:name="com.google.firebase.components:com.google.firebase.messaging.FirebaseMessagingRegistrar"
134-->[com.google.firebase:firebase-messaging:23.1.1] AndroidManifest.xml:56:17-119
135                android:value="com.google.firebase.components.ComponentRegistrar" />
135-->[com.google.firebase:firebase-messaging:23.1.1] AndroidManifest.xml:57:17-82
136            <meta-data
136-->[com.google.firebase:firebase-datatransport:18.1.7] AndroidManifest.xml:27:13-29:85
137                android:name="com.google.firebase.components:com.google.firebase.datatransport.TransportRegistrar"
137-->[com.google.firebase:firebase-datatransport:18.1.7] AndroidManifest.xml:28:17-115
138                android:value="com.google.firebase.components.ComponentRegistrar" />
138-->[com.google.firebase:firebase-datatransport:18.1.7] AndroidManifest.xml:29:17-82
139            <meta-data
139-->[com.google.firebase:firebase-auth:21.1.0] AndroidManifest.xml:67:13-69:85
140                android:name="com.google.firebase.components:com.google.firebase.auth.FirebaseAuthRegistrar"
140-->[com.google.firebase:firebase-auth:21.1.0] AndroidManifest.xml:68:17-109
141                android:value="com.google.firebase.components.ComponentRegistrar" />
141-->[com.google.firebase:firebase-auth:21.1.0] AndroidManifest.xml:69:17-82
142            <meta-data
142-->[com.google.firebase:firebase-storage:20.1.0] AndroidManifest.xml:32:13-34:85
143                android:name="com.google.firebase.components:com.google.firebase.storage.StorageRegistrar"
143-->[com.google.firebase:firebase-storage:20.1.0] AndroidManifest.xml:33:17-107
144                android:value="com.google.firebase.components.ComponentRegistrar" />
144-->[com.google.firebase:firebase-storage:20.1.0] AndroidManifest.xml:34:17-82
145            <meta-data
145-->[com.google.firebase:firebase-database:20.1.0] AndroidManifest.xml:31:13-33:85
146                android:name="com.google.firebase.components:com.google.firebase.database.DatabaseRegistrar"
146-->[com.google.firebase:firebase-database:20.1.0] AndroidManifest.xml:32:17-109
147                android:value="com.google.firebase.components.ComponentRegistrar" />
147-->[com.google.firebase:firebase-database:20.1.0] AndroidManifest.xml:33:17-82
148            <meta-data
148-->[com.google.firebase:firebase-installations:17.1.0] AndroidManifest.xml:17:13-19:85
149                android:name="com.google.firebase.components:com.google.firebase.installations.FirebaseInstallationsRegistrar"
149-->[com.google.firebase:firebase-installations:17.1.0] AndroidManifest.xml:18:17-127
150                android:value="com.google.firebase.components.ComponentRegistrar" />
150-->[com.google.firebase:firebase-installations:17.1.0] AndroidManifest.xml:19:17-82
151        </service>
152
153        <provider
153-->[:react-native-firebase_app] AndroidManifest.xml:25:9-29:38
154            android:name="io.invertase.firebase.app.ReactNativeFirebaseAppInitProvider"
154-->[:react-native-firebase_app] AndroidManifest.xml:26:13-88
155            android:authorities="com.chitchatapp.reactnativefirebaseappinitprovider"
155-->[:react-native-firebase_app] AndroidManifest.xml:27:13-86
156            android:exported="false"
156-->[:react-native-firebase_app] AndroidManifest.xml:28:13-37
157            android:initOrder="99" />
157-->[:react-native-firebase_app] AndroidManifest.xml:29:13-35
158        <provider
158-->[:react-native-image-picker] AndroidManifest.xml:10:9-18:20
159            android:name="com.imagepicker.ImagePickerProvider"
159-->[:react-native-image-picker] AndroidManifest.xml:11:13-63
160            android:authorities="com.chitchatapp.imagepickerprovider"
160-->[:react-native-image-picker] AndroidManifest.xml:12:13-71
161            android:exported="false"
161-->[:react-native-image-picker] AndroidManifest.xml:13:13-37
162            android:grantUriPermissions="true" >
162-->[:react-native-image-picker] AndroidManifest.xml:14:13-47
163            <meta-data
163-->[:react-native-image-picker] AndroidManifest.xml:15:13-17:70
164                android:name="android.support.FILE_PROVIDER_PATHS"
164-->[:react-native-image-picker] AndroidManifest.xml:16:17-67
165                android:resource="@xml/imagepicker_provider_paths" />
165-->[:react-native-image-picker] AndroidManifest.xml:17:17-67
166        </provider>
167        <provider
167-->[androidx.work:work-runtime:2.7.1] AndroidManifest.xml:31:9-39:20
168            android:name="androidx.startup.InitializationProvider"
168-->[androidx.work:work-runtime:2.7.1] AndroidManifest.xml:32:13-67
169            android:authorities="com.chitchatapp.androidx-startup"
169-->[androidx.work:work-runtime:2.7.1] AndroidManifest.xml:33:13-68
170            android:exported="false" >
170-->[androidx.work:work-runtime:2.7.1] AndroidManifest.xml:34:13-37
171            <meta-data
171-->[androidx.work:work-runtime:2.7.1] AndroidManifest.xml:36:13-38:52
172                android:name="androidx.work.WorkManagerInitializer"
172-->[androidx.work:work-runtime:2.7.1] AndroidManifest.xml:37:17-68
173                android:value="androidx.startup" />
173-->[androidx.work:work-runtime:2.7.1] AndroidManifest.xml:38:17-49
174            <meta-data
174-->[androidx.emoji2:emoji2:1.0.0] AndroidManifest.xml:31:13-33:52
175                android:name="androidx.emoji2.text.EmojiCompatInitializer"
175-->[androidx.emoji2:emoji2:1.0.0] AndroidManifest.xml:32:17-75
176                android:value="androidx.startup" />
176-->[androidx.emoji2:emoji2:1.0.0] AndroidManifest.xml:33:17-49
177            <meta-data
177-->[androidx.lifecycle:lifecycle-process:2.4.0] AndroidManifest.xml:31:13-33:52
178                android:name="androidx.lifecycle.ProcessLifecycleInitializer"
178-->[androidx.lifecycle:lifecycle-process:2.4.0] AndroidManifest.xml:32:17-78
179                android:value="androidx.startup" />
179-->[androidx.lifecycle:lifecycle-process:2.4.0] AndroidManifest.xml:33:17-49
180        </provider>
181
182        <service
182-->[androidx.work:work-runtime:2.7.1] AndroidManifest.xml:41:9-46:35
183            android:name="androidx.work.impl.background.systemalarm.SystemAlarmService"
183-->[androidx.work:work-runtime:2.7.1] AndroidManifest.xml:42:13-88
184            android:directBootAware="false"
184-->[androidx.work:work-runtime:2.7.1] AndroidManifest.xml:43:13-44
185            android:enabled="@bool/enable_system_alarm_service_default"
185-->[androidx.work:work-runtime:2.7.1] AndroidManifest.xml:44:13-72
186            android:exported="false" />
186-->[androidx.work:work-runtime:2.7.1] AndroidManifest.xml:45:13-37
187        <service
187-->[androidx.work:work-runtime:2.7.1] AndroidManifest.xml:47:9-53:35
188            android:name="androidx.work.impl.background.systemjob.SystemJobService"
188-->[androidx.work:work-runtime:2.7.1] AndroidManifest.xml:48:13-84
189            android:directBootAware="false"
189-->[androidx.work:work-runtime:2.7.1] AndroidManifest.xml:49:13-44
190            android:enabled="@bool/enable_system_job_service_default"
190-->[androidx.work:work-runtime:2.7.1] AndroidManifest.xml:50:13-70
191            android:exported="true"
191-->[androidx.work:work-runtime:2.7.1] AndroidManifest.xml:51:13-36
192            android:permission="android.permission.BIND_JOB_SERVICE" />
192-->[androidx.work:work-runtime:2.7.1] AndroidManifest.xml:52:13-69
193        <service
193-->[androidx.work:work-runtime:2.7.1] AndroidManifest.xml:54:9-59:35
194            android:name="androidx.work.impl.foreground.SystemForegroundService"
194-->[androidx.work:work-runtime:2.7.1] AndroidManifest.xml:55:13-81
195            android:directBootAware="false"
195-->[androidx.work:work-runtime:2.7.1] AndroidManifest.xml:56:13-44
196            android:enabled="@bool/enable_system_foreground_service_default"
196-->[androidx.work:work-runtime:2.7.1] AndroidManifest.xml:57:13-77
197            android:exported="false" />
197-->[androidx.work:work-runtime:2.7.1] AndroidManifest.xml:58:13-37
198
199        <receiver
199-->[androidx.work:work-runtime:2.7.1] AndroidManifest.xml:61:9-66:35
200            android:name="androidx.work.impl.utils.ForceStopRunnable$BroadcastReceiver"
200-->[androidx.work:work-runtime:2.7.1] AndroidManifest.xml:62:13-88
201            android:directBootAware="false"
201-->[androidx.work:work-runtime:2.7.1] AndroidManifest.xml:63:13-44
202            android:enabled="true"
202-->[androidx.work:work-runtime:2.7.1] AndroidManifest.xml:64:13-35
203            android:exported="false" />
203-->[androidx.work:work-runtime:2.7.1] AndroidManifest.xml:65:13-37
204        <receiver
204-->[androidx.work:work-runtime:2.7.1] AndroidManifest.xml:67:9-77:20
205            android:name="androidx.work.impl.background.systemalarm.ConstraintProxy$BatteryChargingProxy"
205-->[androidx.work:work-runtime:2.7.1] AndroidManifest.xml:68:13-106
206            android:directBootAware="false"
206-->[androidx.work:work-runtime:2.7.1] AndroidManifest.xml:69:13-44
207            android:enabled="false"
207-->[androidx.work:work-runtime:2.7.1] AndroidManifest.xml:70:13-36
208            android:exported="false" >
208-->[androidx.work:work-runtime:2.7.1] AndroidManifest.xml:71:13-37
209            <intent-filter>
209-->[androidx.work:work-runtime:2.7.1] AndroidManifest.xml:73:13-76:29
210                <action android:name="android.intent.action.ACTION_POWER_CONNECTED" />
210-->[androidx.work:work-runtime:2.7.1] AndroidManifest.xml:74:17-87
210-->[androidx.work:work-runtime:2.7.1] AndroidManifest.xml:74:25-84
211                <action android:name="android.intent.action.ACTION_POWER_DISCONNECTED" />
211-->[androidx.work:work-runtime:2.7.1] AndroidManifest.xml:75:17-90
211-->[androidx.work:work-runtime:2.7.1] AndroidManifest.xml:75:25-87
212            </intent-filter>
213        </receiver>
214        <receiver
214-->[androidx.work:work-runtime:2.7.1] AndroidManifest.xml:78:9-88:20
215            android:name="androidx.work.impl.background.systemalarm.ConstraintProxy$BatteryNotLowProxy"
215-->[androidx.work:work-runtime:2.7.1] AndroidManifest.xml:79:13-104
216            android:directBootAware="false"
216-->[androidx.work:work-runtime:2.7.1] AndroidManifest.xml:80:13-44
217            android:enabled="false"
217-->[androidx.work:work-runtime:2.7.1] AndroidManifest.xml:81:13-36
218            android:exported="false" >
218-->[androidx.work:work-runtime:2.7.1] AndroidManifest.xml:82:13-37
219            <intent-filter>
219-->[androidx.work:work-runtime:2.7.1] AndroidManifest.xml:84:13-87:29
220                <action android:name="android.intent.action.BATTERY_OKAY" />
220-->[androidx.work:work-runtime:2.7.1] AndroidManifest.xml:85:17-77
220-->[androidx.work:work-runtime:2.7.1] AndroidManifest.xml:85:25-74
221                <action android:name="android.intent.action.BATTERY_LOW" />
221-->[androidx.work:work-runtime:2.7.1] AndroidManifest.xml:86:17-76
221-->[androidx.work:work-runtime:2.7.1] AndroidManifest.xml:86:25-73
222            </intent-filter>
223        </receiver>
224        <receiver
224-->[androidx.work:work-runtime:2.7.1] AndroidManifest.xml:89:9-99:20
225            android:name="androidx.work.impl.background.systemalarm.ConstraintProxy$StorageNotLowProxy"
225-->[androidx.work:work-runtime:2.7.1] AndroidManifest.xml:90:13-104
226            android:directBootAware="false"
226-->[androidx.work:work-runtime:2.7.1] AndroidManifest.xml:91:13-44
227            android:enabled="false"
227-->[androidx.work:work-runtime:2.7.1] AndroidManifest.xml:92:13-36
228            android:exported="false" >
228-->[androidx.work:work-runtime:2.7.1] AndroidManifest.xml:93:13-37
229            <intent-filter>
229-->[androidx.work:work-runtime:2.7.1] AndroidManifest.xml:95:13-98:29
230                <action android:name="android.intent.action.DEVICE_STORAGE_LOW" />
230-->[androidx.work:work-runtime:2.7.1] AndroidManifest.xml:96:17-83
230-->[androidx.work:work-runtime:2.7.1] AndroidManifest.xml:96:25-80
231                <action android:name="android.intent.action.DEVICE_STORAGE_OK" />
231-->[androidx.work:work-runtime:2.7.1] AndroidManifest.xml:97:17-82
231-->[androidx.work:work-runtime:2.7.1] AndroidManifest.xml:97:25-79
232            </intent-filter>
233        </receiver>
234        <receiver
234-->[androidx.work:work-runtime:2.7.1] AndroidManifest.xml:100:9-109:20
235            android:name="androidx.work.impl.background.systemalarm.ConstraintProxy$NetworkStateProxy"
235-->[androidx.work:work-runtime:2.7.1] AndroidManifest.xml:101:13-103
236            android:directBootAware="false"
236-->[androidx.work:work-runtime:2.7.1] AndroidManifest.xml:102:13-44
237            android:enabled="false"
237-->[androidx.work:work-runtime:2.7.1] AndroidManifest.xml:103:13-36
238            android:exported="false" >
238-->[androidx.work:work-runtime:2.7.1] AndroidManifest.xml:104:13-37
239            <intent-filter>
239-->[androidx.work:work-runtime:2.7.1] AndroidManifest.xml:106:13-108:29
240                <action android:name="android.net.conn.CONNECTIVITY_CHANGE" />
240-->[androidx.work:work-runtime:2.7.1] AndroidManifest.xml:107:17-79
240-->[androidx.work:work-runtime:2.7.1] AndroidManifest.xml:107:25-76
241            </intent-filter>
242        </receiver>
243        <receiver
243-->[androidx.work:work-runtime:2.7.1] AndroidManifest.xml:110:9-121:20
244            android:name="androidx.work.impl.background.systemalarm.RescheduleReceiver"
244-->[androidx.work:work-runtime:2.7.1] AndroidManifest.xml:111:13-88